Log file open, 10/14/18 20:26:45
LogWindows: Failed to load 'aqProf.dll' (GetLastError=126)
LogWindows: File 'aqProf.dll' does not exist
LogWindows: Failed to load 'VtuneApi.dll' (GetLastError=126)
LogWindows: File 'VtuneApi.dll' does not exist
LogWindows: Failed to load 'VtuneApi32e.dll' (GetLastError=126)
LogWindows: File 'VtuneApi32e.dll' does not exist
LogInit: Display: Running engine for game: Horror_scene
LogPlatformFile: Not using cached read wrapper
LogTaskGraph: Started task graph with 5 named threads and 23 total threads with 3 sets of task threads.
LogStats: Stats thread started at 0.302982
LogD3D11RHI: Loaded GFSDK_Aftermath_Lib.x64.dll
LogICUInternationalization: Display: ICU TimeZone Detection - Raw Offset: +1:00, Platform Override: ''
LogPluginManager: Mounting plugin Paper2D
LogPluginManager: Mounting plugin AISupport
LogPluginManager: Mounting plugin LightPropagationVolume
LogPluginManager: Mounting plugin CLionSourceCodeAccess
LogPluginManager: Mounting plugin CodeLiteSourceCodeAccess
LogPluginManager: Mounting plugin GitSourceControl
LogPluginManager: Mounting plugin KDevelopSourceCodeAccess
LogPluginManager: Mounting plugin NullSourceCodeAccess
LogPluginManager: Mounting plugin PerforceSourceControl
LogPluginManager: Mounting plugin SubversionSourceControl
LogPluginManager: Mounting plugin UObjectPlugin
LogPluginManager: Mounting plugin VisualStudioCodeSourceCodeAccess
LogPluginManager: Mounting plugin VisualStudioSourceCodeAccess
LogPluginManager: Mounting plugin XCodeSourceCodeAccess
LogPluginManager: Mounting plugin AssetManagerEditor
LogPluginManager: Mounting plugin CryptoKeys
LogPluginManager: Mounting plugin DataValidation
LogPluginManager: Mounting plugin FacialAnimation
LogPluginManager: Mounting plugin GameplayTagsEditor
LogPluginManager: Mounting plugin MacGraphicsSwitching
LogPluginManager: Mounting plugin MeshEditor
LogPluginManager: Mounting plugin MobileLauncherProfileWizard
LogPluginManager: Mounting plugin PluginBrowser
LogPluginManager: Mounting plugin SpeedTreeImporter
LogPluginManager: Mounting plugin DatasmithContent
LogPluginManager: Mounting plugin AlembicImporter
LogPluginManager: Mounting plugin AppleImageUtils
LogPluginManager: Mounting plugin AppleVision
LogPluginManager: Mounting plugin BackChannel
LogPluginManager: Mounting plugin CharacterAI
LogPluginManager: Mounting plugin GeometryCache
LogPluginManager: Mounting plugin HTML5Networking
LogPluginManager: Mounting plugin ProxyLODPlugin
LogPluginManager: Mounting plugin MagicLeap
LogPluginManager: Mounting plugin MagicLeapEmulator
LogPluginManager: Mounting plugin MagicLeapMedia
LogPluginManager: Mounting plugin AndroidMedia
LogPluginManager: Mounting plugin AvfMedia
LogPluginManager: Mounting plugin ImgMedia
LogPluginManager: Mounting plugin LinearTimecode
LogPluginManager: Mounting plugin MediaCompositing
LogPluginManager: Mounting plugin MediaPlayerEditor
LogPluginManager: Mounting plugin WmfMedia
LogPluginManager: Mounting plugin TcpMessaging
LogPluginManager: Mounting plugin UdpMessaging
LogPluginManager: Mounting plugin ActorSequence
LogPluginManager: Mounting plugin LevelSequenceEditor
LogPluginManager: Mounting plugin MatineeToLevelSequence
LogPluginManager: Mounting plugin NetcodeUnitTest
LogPluginManager: Mounting plugin NUTUnrealEngine4
LogPluginManager: Mounting plugin OnlineSubsystemGooglePlay
LogPluginManager: Mounting plugin OnlineSubsystemIOS
LogPluginManager: Mounting plugin OnlineSubsystem
LogPluginManager: Mounting plugin OnlineSubsystemNull
LogPluginManager: Mounting plugin OnlineSubsystemUtils
LogPluginManager: Mounting plugin LauncherChunkInstaller
LogPluginManager: Mounting plugin AndroidDeviceProfileSelector
LogPluginManager: Mounting plugin AndroidMoviePlayer
LogPluginManager: Mounting plugin AndroidPermission
LogPluginManager: Mounting plugin AppleMoviePlayer
LogPluginManager: Mounting plugin ArchVisCharacter
LogPluginManager: Mounting plugin AudioCapture
LogPluginManager: Mounting plugin CableComponent
LogPluginManager: Mounting plugin CustomMeshComponent
LogPluginManager: Mounting plugin EditableMesh
LogPluginManager: Mounting plugin ExampleDeviceProfileSelector
LogPluginManager: Mounting plugin GoogleCloudMessaging
LogPluginManager: Mounting plugin ImmediatePhysics
LogPluginManager: Mounting plugin IOSDeviceProfileSelector
LogPluginManager: Mounting plugin LinuxDeviceProfileSelector
LogPluginManager: Mounting plugin LocationServicesBPLibrary
LogPluginManager: Mounting plugin MobilePatchingUtils
LogPluginManager: Mounting plugin OculusVR
LogPluginManager: Plugin shader directory ../../../Engine/Plugins/Runtime/Oculus/OculusVR/Shaders found
LogPluginManager: Mapping shader source directory ../../../Engine/Plugins/Runtime/Oculus/OculusVR/Shaders to virtual directory /Plugin/OculusVR
LogPluginManager: Mounting plugin PhysXVehicles
LogPluginManager: Mounting plugin ProceduralMeshComponent
LogPluginManager: Mounting plugin RuntimePhysXCooking
LogPluginManager: Mounting plugin SteamVR
LogPluginManager: Mounting plugin WindowsMoviePlayer
LogStreaming: Display: Took  0.133s to configure plugins.
LogInit: Using libcurl 7.55.1-DEV
LogInit:  - built for x86_64-pc-win32
LogInit:  - supports SSL with OpenSSL/1.0.2h
LogInit:  - supports HTTP deflate (compression) using libz 1.2.8
LogInit:  - other features:
LogInit:      CURL_VERSION_SSL
LogInit:      CURL_VERSION_LIBZ
LogInit:      CURL_VERSION_IPV6
LogInit:      CURL_VERSION_ASYNCHDNS
LogInit:      CURL_VERSION_LARGEFILE
LogInit:      CURL_VERSION_IDN
LogInit:  CurlRequestOptions (configurable via config and command line):
LogInit:  - bVerifyPeer = false  - Libcurl will NOT verify peer certificate
LogInit:  - bUseHttpProxy = false  - Libcurl will NOT use HTTP proxy
LogInit:  - bDontReuseConnections = false  - Libcurl will reuse connections
LogInit:  - CertBundlePath = nullptr  - Libcurl will use whatever was configured at build time.
LogInit:  - MaxHostConnections = 16  - Libcurl will limit the number of connections to a host
LogInit:  - LocalHostAddr = Default
LogInit:  - BufferSize = 65536
LogInit: WinSock: version 1.1 (2.2), MaxSocks=32767, MaxUdp=65467
LogInit: Build: ++UE4+Release-4.20-CL-4369336
LogInit: Engine Version: 4.20.3-4369336+++UE4+Release-4.20
LogInit: Compatible Engine Version: 4.20.0-4212847+++UE4+Release-4.20
LogInit: Net CL: 4212847
LogInit: OS: Windows 10 (), CPU: Intel(R) Core(TM) i7-4790K CPU @ 4.00GHz, GPU: AMD Radeon (TM) R9 390 Series
LogInit: Compiled (64-bit): Sep 17 2018 12:26:19
LogInit: Compiled with Visual C++: 19.13.26129.00
LogInit: Build Configuration: Development
LogInit: Branch Name: ++UE4+Release-4.20
LogInit: Command Line:  
LogInit: Base Directory: G:/EpicGames/UE_4.20/Engine/Binaries/Win64/
LogInit: Installed Engine Build: 1
LogDevObjectVersion: Number of dev versions registered: 20
LogDevObjectVersion:   Dev-Blueprints (B0D832E4-1F89-4F0D-ACCF-7EB736FD4AA2): 10
LogDevObjectVersion:   Dev-Build (E1C64328-A22C-4D53-A36C-8E866417BD8C): 0
LogDevObjectVersion:   Dev-Core (375EC13C-06E4-48FB-B500-84F0262A717E): 2
LogDevObjectVersion:   Dev-Editor (E4B068ED-F494-42E9-A231-DA0B2E46BB41): 24
LogDevObjectVersion:   Dev-Framework (CFFC743F-43B0-4480-9391-14DF171D2073): 34
LogDevObjectVersion:   Dev-Mobile (B02B49B5-BB20-44E9-A304-32B752E40360): 2
LogDevObjectVersion:   Dev-Networking (A4E4105C-59A1-49B5-A7C5-40C4547EDFEE): 0
LogDevObjectVersion:   Dev-Online (39C831C9-5AE6-47DC-9A44-9C173E1C8E7C): 0
LogDevObjectVersion:   Dev-Physics (78F01B33-EBEA-4F98-B9B4-84EACCB95AA2): 0
LogDevObjectVersion:   Dev-Platform (6631380F-2D4D-43E0-8009-CF276956A95A): 0
LogDevObjectVersion:   Dev-Rendering (12F88B9F-8875-4AFC-A67C-D90C383ABD29): 26
LogDevObjectVersion:   Dev-Sequencer (7B5AE74C-D270-4C10-A958-57980B212A5A): 9
LogDevObjectVersion:   Dev-VR (D7296918-1DD6-4BDD-9DE2-64A83CC13884): 2
LogDevObjectVersion:   Dev-LoadTimes (C2A15278-BFE7-4AFE-6C17-90FF531DF755): 1
LogDevObjectVersion:   Private-Geometry (6EACA3D4-40EC-4CC1-B786-8BED09428FC5): 3
LogDevObjectVersion:   Dev-AnimPhys (29E575DD-E0A3-4627-9D10-D276232CDCEA): 17
LogDevObjectVersion:   Dev-ReflectionCapture (6B266CEC-1EC7-4B8F-A30B-E4D90942FC07): 1
LogDevObjectVersion:   Dev-Automation (0DF73D61-A23F-47EA-B727-89E90C41499A): 1
LogDevObjectVersion:   FortniteMain (601D1886-AC64-4F84-AA16-D3DE0DEAC7D6): 12
LogDevObjectVersion:   Dev-Enterprise (9DFFBCD6-494F-0158-E221-12823C92A888): 1
LogStreaming: Display: Took  0.001s to delete old logs.
LogInit: Presizing for max 8388607 objects, including 0 objects not considered by GC, pre-allocating 0 bytes for permanent pool.
LogInit: Object subsystem initialized
[2018.10.14-18.26.46:241][  0]LogInit: Selected Device Profile: [Windows]
[2018.10.14-18.26.46:241][  0]LogInit: Applying CVar settings loaded from the selected device profile: [Windows]
[2018.10.14-18.26.46:249][  0]LogHAL: Display: Platform has ~ 16 GB [17118883840 / 17179869184 / 16], which maps to Larger [LargestMinGB=32, LargerMinGB=12, DefaultMinGB=8, SmallerMinGB=6, SmallestMinGB=0)
[2018.10.14-18.26.46:249][  0]LogInit: Setting Device Profile CVar: [[r.Vulkan.UseRealUBs:1]]
[2018.10.14-18.26.46:249][  0]LogInit: Going up to parent DeviceProfile []
[2018.10.14-18.26.46:249][  0]LogInit: Computer: DESKTOP-I2TVDM3
[2018.10.14-18.26.46:249][  0]LogInit: User: Patrick
[2018.10.14-18.26.46:249][  0]LogInit: CPU Page size=4096, Cores=4
[2018.10.14-18.26.46:249][  0]LogInit: High frequency timer resolution =3.903994 MHz
[2018.10.14-18.26.46:250][  0]LogMemory: Memory total: Physical=15.9GB (16GB approx)
[2018.10.14-18.26.46:250][  0]LogMemory: Platform Memory Stats for Windows
[2018.10.14-18.26.46:250][  0]LogMemory: Process Physical Memory: 100.61 MB used, 100.61 MB peak
[2018.10.14-18.26.46:250][  0]LogMemory: Process Virtual Memory: 89.56 MB used, 89.56 MB peak
[2018.10.14-18.26.46:250][  0]LogMemory: Physical Memory: 6192.57 MB used,  10133.27 MB free, 16325.84 MB total
[2018.10.14-18.26.46:250][  0]LogMemory: Virtual Memory: 4629.40 MB used,  10133.27 MB free, 134217728.00 MB total
[2018.10.14-18.26.46:282][  0]LogInit: Using OS detected language (en-US).
[2018.10.14-18.26.46:282][  0]LogInit: Using OS detected locale (nb-NO).
[2018.10.14-18.26.46:283][  0]LogTextLocalizationManager: No specific localization for 'en-US' exists, so the 'en' localization will be used.
[2018.10.14-18.26.46:629][  0]LogStreaming: Display: Took  0.347s to InitEngineTextLocalization.
[2018.10.14-18.26.46:629][  0]LogInit: Setting process to per monitor DPI aware
[2018.10.14-18.26.46:673][  0]LogSlate: New Slate User Created.  User Index 0, Is Virtual User: 0
[2018.10.14-18.26.46:673][  0]LogSlate: Slate User Registered.  User Index 0, Is Virtual User: 0
[2018.10.14-18.26.46:933][  0]LogHMD: Failed to initialize OpenVR with code 101
[2018.10.14-18.26.46:933][  0]LogD3D11RHI: D3D11 adapters:
[2018.10.14-18.26.46:962][  0]LogD3D11RHI:    0. 'AMD Radeon (TM) R9 390 Series' (Feature Level 11_0)
[2018.10.14-18.26.46:962][  0]LogD3D11RHI:       8168/0/8162 MB DedicatedVideo/DedicatedSystem/SharedSystem, Outputs:2, VendorId:0x1002
[2018.10.14-18.26.46:965][  0]LogD3D11RHI:    1. 'Microsoft Basic Render Driver' (Feature Level 11_0)
[2018.10.14-18.26.46:965][  0]LogD3D11RHI:       0/0/8162 MB DedicatedVideo/DedicatedSystem/SharedSystem, Outputs:0, VendorId:0x1414
[2018.10.14-18.26.46:965][  0]LogD3D11RHI: Chosen D3D11 Adapter: 0
[2018.10.14-18.26.46:971][  0]LogD3D11RHI: Creating new Direct3DDevice
[2018.10.14-18.26.46:971][  0]LogD3D11RHI:     GPU DeviceId: 0x67b0 (for the marketing name, search the web for "GPU Device Id")
[2018.10.14-18.26.46:971][  0]LogWindows: EnumDisplayDevices:
[2018.10.14-18.26.46:972][  0]LogWindows:    0. 'AMD Radeon (TM) R9 390 Series' (P:1 D:1)
[2018.10.14-18.26.46:972][  0]LogWindows:    1. 'AMD Radeon (TM) R9 390 Series' (P:0 D:1)
[2018.10.14-18.26.46:973][  0]LogWindows:    2. 'AMD Radeon (TM) R9 390 Series' (P:0 D:0)
[2018.10.14-18.26.46:974][  0]LogWindows:    3. 'AMD Radeon (TM) R9 390 Series' (P:0 D:0)
[2018.10.14-18.26.46:974][  0]LogWindows:    4. 'AMD Radeon (TM) R9 390 Series' (P:0 D:0)
[2018.10.14-18.26.46:975][  0]LogWindows:    5. 'AMD Radeon (TM) R9 390 Series' (P:0 D:0)
[2018.10.14-18.26.46:976][  0]LogWindows:    6. 'AMD Radeon (TM) R9 390 Series' (P:0 D:0)
[2018.10.14-18.26.46:976][  0]LogWindows: DebugString: FoundDriverCount:7 
[2018.10.14-18.26.46:976][  0]LogD3D11RHI:     Adapter Name: AMD Radeon (TM) R9 390 Series
[2018.10.14-18.26.46:976][  0]LogD3D11RHI:   Driver Version: Adrenalin 18.8.2 (internal:24.20.13011.1009, unified:24.20.13011.1009)
[2018.10.14-18.26.46:976][  0]LogD3D11RHI:      Driver Date: 8-27-2018
[2018.10.14-18.26.46:976][  0]LogRHI: Texture pool is 5717 MB (70% of 8168 MB)
[2018.10.14-18.26.47:035][  0]LogD3D11RHI: Async texture creation enabled
[2018.10.14-18.26.47:046][  0]LogD3D11RHI: GPU Timing Frequency: 27.000000 (Debug: 2 1)
[2018.10.14-18.26.47:047][  0]LogShaderCompilers: Guid format shader working directory is 25 characters bigger than the processId version (F:/GitHub/Urbex_Horror/Intermediate/Shaders/WorkingDirectory/11232/).
[2018.10.14-18.26.47:047][  0]LogShaderCompilers: Cleaned the shader compiler working directory 'C:/Users/Patrick/AppData/Local/Temp/UnrealShaderWorkingDir/5721340B448D460DB9DF7A819120AC28/'.
[2018.10.14-18.26.47:388][  0]LogTemp: Display: Loaded TP AllDesktopTargetPlatform
[2018.10.14-18.26.47:401][  0]LogTemp: Display: Loaded TP MacClientTargetPlatform
[2018.10.14-18.26.47:414][  0]LogTemp: Display: Loaded TP MacNoEditorTargetPlatform
[2018.10.14-18.26.47:427][  0]LogTemp: Display: Loaded TP MacServerTargetPlatform
[2018.10.14-18.26.47:440][  0]LogTemp: Display: Loaded TP MacTargetPlatform
[2018.10.14-18.26.47:452][  0]LogTemp: Display: Loaded TP WindowsClientTargetPlatform
[2018.10.14-18.26.47:466][  0]LogTemp: Display: Loaded TP WindowsNoEditorTargetPlatform
[2018.10.14-18.26.47:479][  0]LogTemp: Display: Loaded TP WindowsServerTargetPlatform
[2018.10.14-18.26.47:485][  0]LogTemp: Display: Loaded TP WindowsTargetPlatform
[2018.10.14-18.26.47:554][  0]LogTemp: Display: Loaded TP AndroidTargetPlatform
[2018.10.14-18.26.47:554][  0]LogTemp: Display: Loaded TP AndroidTargetPlatform
[2018.10.14-18.26.47:554][  0]LogTemp: Display: Loaded TP AndroidTargetPlatform
[2018.10.14-18.26.47:554][  0]LogTemp: Display: Loaded TP AndroidTargetPlatform
[2018.10.14-18.26.47:554][  0]LogTemp: Display: Loaded TP AndroidTargetPlatform
[2018.10.14-18.26.47:554][  0]LogTemp: Display: Loaded TP AndroidTargetPlatform
[2018.10.14-18.26.47:554][  0]LogTemp: Display: Loaded TP AndroidTargetPlatform
[2018.10.14-18.26.47:554][  0]LogTemp: Display: Loaded TP AndroidTargetPlatform
[2018.10.14-18.26.47:554][  0]LogTemp: Display: Loaded TP AndroidTargetPlatform
[2018.10.14-18.26.47:554][  0]LogTemp: Display: Loaded TP AndroidTargetPlatform
[2018.10.14-18.26.47:554][  0]LogTemp: Display: Loaded TP AndroidTargetPlatform
[2018.10.14-18.26.47:554][  0]LogTemp: Display: Loaded TP AndroidTargetPlatform
[2018.10.14-18.26.47:554][  0]LogTemp: Display: Loaded TP AndroidTargetPlatform
[2018.10.14-18.26.47:555][  0]LogTemp: Display: Loaded TP AndroidTargetPlatform
[2018.10.14-18.26.47:555][  0]LogTemp: Display: Loaded TP AndroidTargetPlatform
[2018.10.14-18.26.47:555][  0]LogTemp: Display: Loaded TP AndroidTargetPlatform
[2018.10.14-18.26.47:555][  0]LogTemp: Display: Loaded TP AndroidTargetPlatform
[2018.10.14-18.26.47:555][  0]LogTemp: Display: Loaded TP AndroidTargetPlatform
[2018.10.14-18.26.47:556][  0]LogTemp: Display: Loaded TP HTML5TargetPlatform
[2018.10.14-18.26.47:619][  0]LogTemp: Display: Loaded TP IOSTargetPlatform
[2018.10.14-18.26.47:619][  0]LogTemp: Display: Loaded TP IOSTargetPlatform
[2018.10.14-18.26.47:640][  0]LogTemp: Display: Loaded TP TVOSTargetPlatform
[2018.10.14-18.26.47:640][  0]LogTemp: Display: Loaded TP TVOSTargetPlatform
[2018.10.14-18.26.47:652][  0]LogTemp: Display: Loaded TP LinuxClientTargetPlatform
[2018.10.14-18.26.47:664][  0]LogTemp: Display: Loaded TP LinuxNoEditorTargetPlatform
[2018.10.14-18.26.47:675][  0]LogTemp: Display: Loaded TP LinuxServerTargetPlatform
[2018.10.14-18.26.47:688][  0]LogTemp: Display: Loaded TP LinuxTargetPlatform
[2018.10.14-18.26.47:700][  0]LogTemp: Display: Loaded TP LuminTargetPlatform
[2018.10.14-18.26.47:700][  0]LogTargetPlatformManager: Display: Building Assets For Windows
[2018.10.14-18.26.47:770][  0]LogXGEController: Cleaning working directory: C:/Users/Patrick/AppData/Local/Temp/UnrealXGEWorkingDir/
[2018.10.14-18.26.47:770][  0]LogXGEController: Cannot use XGE Controller as Incredibuild is not installed on this machine.
[2018.10.14-18.26.47:770][  0]LogShaderCompilers: Cannot use XGE Shader Compiler as Incredibuild is not installed on this machine.
[2018.10.14-18.26.47:771][  0]LogShaderCompilers: Display: Using Local Shader Compiler.
[2018.10.14-18.26.48:432][  0]LogDerivedDataCache: Display: Max Cache Size: 512 MB
[2018.10.14-18.26.48:513][  0]LogDerivedDataCache: Loaded boot cache 0.08s 71MB C:/Users/Patrick/AppData/Local/UnrealEngine/4.20/DerivedDataCache/Boot.ddc.
[2018.10.14-18.26.48:514][  0]LogDerivedDataCache: Display: Loaded Boot cache: C:/Users/Patrick/AppData/Local/UnrealEngine/4.20/DerivedDataCache/Boot.ddc
[2018.10.14-18.26.48:514][  0]LogDerivedDataCache: FDerivedDataBackendGraph:  Pak pak cache file F:/GitHub/Urbex_Horror/DerivedDataCache/DDC.ddp not found, will not use a pak cache.
[2018.10.14-18.26.48:514][  0]LogDerivedDataCache: Unable to find inner node Pak for hierarchical cache Hierarchy.
[2018.10.14-18.26.48:514][  0]LogDerivedDataCache: FDerivedDataBackendGraph:  CompressedPak pak cache file F:/GitHub/Urbex_Horror/DerivedDataCache/Compressed.ddp not found, will not use a pak cache.
[2018.10.14-18.26.48:514][  0]LogDerivedDataCache: Unable to find inner node CompressedPak for hierarchical cache Hierarchy.
[2018.10.14-18.26.48:526][  0]LogDerivedDataCache: Display: Pak cache opened for reading ../../../Engine/DerivedDataCache/Compressed.ddp.
[2018.10.14-18.26.48:540][  0]LogDerivedDataCache: Using Local data cache path C:/Users/Patrick/AppData/Local/UnrealEngine/Common/DerivedDataCache: Writable
[2018.10.14-18.26.48:540][  0]LogDerivedDataCache: Shared data cache path not found in *engine.ini, will not use an Shared cache.
[2018.10.14-18.26.48:540][  0]LogDerivedDataCache: Unable to find inner node Shared for hierarchical cache Hierarchy.
[2018.10.14-18.26.48:556][  0]LogMaterial: Verifying Global Shaders for PCD3D_SM5
[2018.10.14-18.26.48:558][  0]LogSlate: Using FreeType 2.6.0
[2018.10.14-18.26.48:559][  0]LogSlate: SlateFontServices - WITH_FREETYPE: 1, WITH_HARFBUZZ: 1
[2018.10.14-18.26.48:646][  0]LogAssetRegistry: FAssetRegistry took 0.0252 seconds to start up
[2018.10.14-18.26.48:933][  0]LogInit: Selected Device Profile: [Windows]
[2018.10.14-18.26.49:059][  0]LogSimplygon: Simplygon DLL not present - disabling.
[2018.10.14-18.26.49:065][  0]LogMeshReduction: Using SimplygonSwarm for distributed automatic mesh merging
[2018.10.14-18.26.49:065][  0]LogMeshReduction: Using ProxyLODMeshReduction for automatic mesh merging
[2018.10.14-18.26.49:065][  0]LogMeshReduction: Using QuadricMeshReduction for automatic static mesh reduction
[2018.10.14-18.26.49:065][  0]LogMeshReduction: No automatic skeletal mesh reduction module available
[2018.10.14-18.26.49:093][  0]LogNetVersion: Horror_scene 1.0.0, NetCL: 4212847, EngineNetVer: 5, GameNetVer: 0 (Checksum: 3016115379)
[2018.10.14-18.26.49:593][  0]LogPackageLocalizationCache: Processed 11 localized package path(s) for 2 prioritized culture(s) in 0.089403 seconds
[2018.10.14-18.26.49:599][  0]LogUObjectArray: 38425 objects as part of root set at end of initial load.
[2018.10.14-18.26.49:599][  0]LogUObjectAllocator: 6690872 out of 0 bytes used by permanent object pool.
[2018.10.14-18.26.49:599][  0]LogUObjectArray: CloseDisregardForGC: 0/0 objects in disregard for GC pool
[2018.10.14-18.26.50:586][  0]LogTcpMessaging: Initializing TcpMessaging bridge
[2018.10.14-18.26.50:599][  0]LogUdpMessaging: Initializing bridge on interface 0.0.0.0:0 to multicast group 230.0.0.1:6666.
[2018.10.14-18.26.50:760][  0]SourceControl: Source control is disabled
[2018.10.14-18.26.51:591][  0]LogAndroidPermission: UAndroidPermissionCallbackProxy::GetInstance
[2018.10.14-18.26.51:684][  0]LogOcInput: OculusInput pre-init called
[2018.10.14-18.26.51:744][  0]LogEngine: Initializing Engine...
[2018.10.14-18.26.51:747][  0]LogHMD: Failed to initialize OpenVR with code 101
[2018.10.14-18.26.51:748][  0]LogStats: UGameplayTagsManager::ConstructGameplayTagTree: ImportINI prefixes -  0.000 s
[2018.10.14-18.26.51:748][  0]LogStats: UGameplayTagsManager::ConstructGameplayTagTree: Construct from data asset -  0.000 s
[2018.10.14-18.26.51:748][  0]LogStats: UGameplayTagsManager::ConstructGameplayTagTree: ImportINI -  0.000 s
[2018.10.14-18.26.51:748][  0]LogStats: UGameplayTagsManager::ConstructGameplayTagTree: GameplayTagTreeChangedEvent.Broadcast -  0.000 s
[2018.10.14-18.26.51:943][  0]LogInit: Initializing FReadOnlyCVARCache
[2018.10.14-18.26.51:959][  0]LogAIModule: Creating AISystem for world Untitled
[2018.10.14-18.26.51:983][  0]LogInit: XAudio2 using 'Headphones (High Definition Audio Device)' : 2 channels at 44.1 kHz using 16 bits per sample (channel mask 0x3)
[2018.10.14-18.26.52:003][  0]LogInit: FAudioDevice initialized.
[2018.10.14-18.26.52:003][  0]LogNetVersion: Set ProjectVersion to 1.0.0.0. Version Checksum will be recalculated on next use.
[2018.10.14-18.26.52:094][  0]LogDerivedDataCache: Saved boot cache 0.09s 71MB C:/Users/Patrick/AppData/Local/UnrealEngine/4.20/DerivedDataCache/Boot.ddc.
[2018.10.14-18.26.52:094][  0]LogInit: Texture streaming: Enabled
[2018.10.14-18.26.52:119][  0]LogEngineSessionManager: EngineSessionManager initialized
[2018.10.14-18.26.52:135][  0]LogInit: Transaction tracking system initialized
[2018.10.14-18.26.52:163][  0]BlueprintLog: New page: Editor Load
[2018.10.14-18.26.52:290][  0]LocalizationService: Localization service is disabled
[2018.10.14-18.26.52:559][  0]LogCook: Display: Max memory allowance for cook 16384mb min free memory 0mb
[2018.10.14-18.26.52:559][  0]LogCook: Display: Mobile HDR setting 1
[2018.10.14-18.26.52:559][  0]LogGameplayTags: Display: UGameplayTagsManager::DoneAddingNativeTags. DelegateIsBound: 0
[2018.10.14-18.26.52:559][  0]LogStats: UGameplayTagsManager::ConstructGameplayTagTree: ImportINI prefixes -  0.000 s
[2018.10.14-18.26.52:559][  0]LogStats: UGameplayTagsManager::ConstructGameplayTagTree: Construct from data asset -  0.000 s
[2018.10.14-18.26.52:559][  0]LogStats: UGameplayTagsManager::ConstructGameplayTagTree: ImportINI -  0.000 s
[2018.10.14-18.26.52:559][  0]LogStats: UGameplayTagsManager::ConstructGameplayTagTree: GameplayTagTreeChangedEvent.Broadcast -  0.000 s
[2018.10.14-18.26.52:696][  0]LogFileCache: Scanning file cache for directory 'F:/GitHub/Urbex_Horror/Content/' took 0.02s
[2018.10.14-18.26.52:696][  0]Cmd: MAP LOAD FILE="F:/GitHub/Urbex_Horror/Content/FirstPersonBP/Maps/FirstPersonExampleMap.umap" TEMPLATE=0 SHOWPROGRESS=1 FEATURELEVEL=3
[2018.10.14-18.26.52:697][  0]LightingResults: New page: Lighting Build
[2018.10.14-18.26.52:700][  0]MapCheck: New page: Map Check
[2018.10.14-18.26.52:700][  0]LightingResults: New page: Lighting Build
[2018.10.14-18.26.53:000][  0]LogAIModule: Creating AISystem for world FirstPersonExampleMap
[2018.10.14-18.26.53:017][  0]LogEditorServer: Finished looking for orphan Actors (0.000 secs)
[2018.10.14-18.26.53:038][  0]Cmd: MAP CHECKDEP NOCLEARLOG
[2018.10.14-18.26.53:123][  0]MapCheck: Map check complete: 0 Error(s), 0 Warning(s), took 84,689ms to complete.
[2018.10.14-18.26.53:123][  0]LogFileHelpers: Loading map 'FirstPersonExampleMap' took 0.426
[2018.10.14-18.26.53:251][  0]LogSlate: Updating window title bar state: overlay mode, drag disabled, window buttons hidden, title bar hidden
[2018.10.14-18.26.53:259][  0]LogSlate: Updating window title bar state: overlay mode, drag disabled, window buttons hidden, title bar hidden
[2018.10.14-18.26.53:274][  0]LogSlate: Updating window title bar state: overlay mode, drag disabled, window buttons hidden, title bar hidden
[2018.10.14-18.26.53:281][  0]LogSlate: Updating window title bar state: overlay mode, drag disabled, window buttons hidden, title bar hidden
[2018.10.14-18.26.53:291][  0]LogCollectionManager: Loaded 0 collections in 0.002597 seconds
[2018.10.14-18.26.53:344][  0]LogFileCache: Scanning file cache for directory 'F:/GitHub/Urbex_Horror/Saved/Collections/' took 0.01s
[2018.10.14-18.26.53:344][  0]LogFileCache: Scanning file cache for directory 'F:/GitHub/Urbex_Horror/Content/Developers/Patrick/Collections/' took 0.01s
[2018.10.14-18.26.53:344][  0]LogFileCache: Scanning file cache for directory 'F:/GitHub/Urbex_Horror/Content/Collections/' took 0.01s
[2018.10.14-18.26.53:344][  0]LogCollectionManager: Rebuilt the GUID cache for 0 collections in 0.000000 seconds
[2018.10.14-18.26.53:354][  0]LogContentBrowser: Native class hierarchy populated in 0.0104 seconds. Added 2572 classes and 603 folders.
[2018.10.14-18.26.53:362][  0]LogContentBrowser: Native class hierarchy updated for 'WidgetCarousel' in 0.0002 seconds. Added 0 classes and 0 folders.
[2018.10.14-18.26.53:452][  0]LogContentBrowser: Native class hierarchy updated for 'AddContentDialog' in 0.0002 seconds. Added 0 classes and 0 folders.
[2018.10.14-18.26.53:459][  0]LogContentBrowser: Native class hierarchy updated for 'SceneOutliner' in 0.0002 seconds. Added 1 classes and 2 folders.
[2018.10.14-18.26.53:546][  0]LogSlate: Took 0.000313 seconds to synchronously load lazily loaded font '../../../Engine/Content/Slate/Fonts/Roboto-Regular.ttf' (155K)
[2018.10.14-18.26.53:548][  0]LogSlate: Took 0.000324 seconds to synchronously load lazily loaded font '../../../Engine/Content/Slate/Fonts/Roboto-Bold.ttf' (160K)
[2018.10.14-18.26.53:555][  0]LogSlate: Took 0.000390 seconds to synchronously load lazily loaded font '../../../Engine/Content/Editor/Slate/Fonts/FontAwesome.ttf' (139K)
[2018.10.14-18.26.53:648][  0]LogRenderer: Reallocating scene render targets to support 1228x660 Format 10 NumSamples 1 (Frame:1).
[2018.10.14-18.26.53:805][  0]LogContentBrowser: Native class hierarchy updated for 'HierarchicalLODOutliner' in 0.0002 seconds. Added 0 classes and 0 folders.
[2018.10.14-18.26.53:805][  0]LogLoad: (Engine Initialization) Total time: 9.96 seconds
[2018.10.14-18.26.53:805][  0]LogLoad: (Engine Initialization) Total Blueprint compile time: 0.00 seconds
[2018.10.14-18.26.53:816][  0]LogWindowsTextInputMethodSystem: Display: IME system now deactivated.
[2018.10.14-18.26.53:838][  0]LogContentStreaming: Texture pool size now 1000 MB
[2018.10.14-18.26.53:852][  0]LogSlate: Took 0.000215 seconds to synchronously load lazily loaded font '../../../Engine/Content/Slate/Fonts/Roboto-Light.ttf' (167K)
[2018.10.14-18.26.53:877][  1]LogAssetRegistry: Asset discovery search completed in 5.2540 seconds
[2018.10.14-18.26.53:879][  1]LogCollectionManager: Rebuilt the object cache for 0 collections in 0.000000 seconds (found 0 objects)
[2018.10.14-18.26.53:879][  1]LogCollectionManager: Fixed up redirectors for 0 collections in 0.000049 seconds (updated 0 objects)
[2018.10.14-18.26.54:836][109]LogSlate: Took 0.000355 seconds to synchronously load lazily loaded font '../../../Engine/Content/Slate/Fonts/Roboto-Light.ttf' (167K)
[2018.10.14-18.26.55:263][158]LogEditorViewport: Clicking on Actor (LMB): StaticMeshActor (Floor)
[2018.10.14-18.26.59:504][646]LogEditorViewport: Clicking on Actor (LMB): FirstPersonCharacter_C (FirstPersonCharacter)
[2018.10.14-18.27.00:764][782]LogSlate: FSceneViewport::OnFocusLost() reason 0
[2018.10.14-18.27.00:908][797]LogAssetEditorManager: Opening Asset editor for Blueprint /Game/FirstPersonBP/Blueprints/FirstPersonCharacter.FirstPersonCharacter
[2018.10.14-18.27.01:292][797]LogContentBrowser: Native class hierarchy updated for 'BlueprintGraph' in 0.0005 seconds. Added 116 classes and 0 folders.
[2018.10.14-18.27.01:967][797]LogSlate: Took 0.000314 seconds to synchronously load lazily loaded font '../../../Engine/Content/Slate/Fonts/Roboto-BoldCondensed.ttf' (158K)
[2018.10.14-18.27.02:076][798]LogSlate: Took 0.000361 seconds to synchronously load lazily loaded font '../../../Engine/Content/Slate/Fonts/Roboto-Italic.ttf' (157K)
[2018.10.14-18.27.24:337][367]LogTexture: Display: Building textures: Texture2D_0 (BGRA8, 512X512)
[2018.10.14-18.27.24:428][367]LogTexture: Display: Building textures: Endtable_Material_OcclusionRoughnessMetallic (AutoDXT, 2048X2048)
[2018.10.14-18.27.24:673][367]LogTexture: Display: Building textures: Endtable_Material_Normal (BC5, 2048X2048)
[2018.10.14-18.27.24:673][367]LogTexture: Display: Building textures: Plank01_Material_OcclusionRoughnessMetallic (AutoDXT, 2048X2048)
[2018.10.14-18.27.24:673][367]LogTexture: Display: Building textures: Plank01_Material_Normal (BC5, 2048X2048)
[2018.10.14-18.27.24:673][367]LogMaterial: Display: Missing cached shader map for material M_Ground_Grass, compiling. 
[2018.10.14-18.27.24:861][367]LogTexture: Display: Building textures: Endtable_Material_BaseColor (AutoDXT, 2048X2048)
[2018.10.14-18.27.24:867][367]LogTexture: Display: Building textures: PortraitPicture_Material_BaseColor (AutoDXT, 2048X2048)
[2018.10.14-18.27.24:872][367]LogShaderCompilers: Display: Shaders left to compile 60
[2018.10.14-18.27.24:872][367]LogShaderCompilers: Display: Shaders left to compile 50
[2018.10.14-18.27.24:872][367]LogShaderCompilers: Display: Shaders left to compile 40
[2018.10.14-18.27.24:872][367]LogShaderCompilers: Display: Shaders left to compile 30
[2018.10.14-18.27.24:872][367]LogStaticMesh: Building static mesh Celing_2m_01...
[2018.10.14-18.27.24:878][367]LogStaticMesh: Built static mesh [0.01s] /Game/Assets/Celing_2m_01.Celing_2m_01
[2018.10.14-18.27.24:891][367]LogStaticMesh: Building static mesh Couch01...
[2018.10.14-18.27.24:985][367]LogStaticMesh: Built static mesh [0.09s] /Game/Assets/Couch01.Couch01
[2018.10.14-18.27.24:999][367]LogStaticMesh: Building static mesh Crate01...
[2018.10.14-18.27.25:012][367]LogStaticMesh: Built static mesh [0.01s] /Game/Assets/Crate01.Crate01
[2018.10.14-18.27.25:017][367]LogStaticMesh: Building static mesh Doorway_01...
[2018.10.14-18.27.25:038][367]LogStaticMesh: Built static mesh [0.02s] /Game/Assets/Doorway_01.Doorway_01
[2018.10.14-18.27.25:045][367]LogStaticMesh: Building static mesh Endtable...
[2018.10.14-18.27.25:071][367]LogStaticMesh: Built static mesh [0.03s] /Game/Assets/Endtable.Endtable
[2018.10.14-18.27.25:084][367]LogStaticMesh: Building static mesh Plank01...
[2018.10.14-18.27.25:090][367]LogStaticMesh: Built static mesh [0.01s] /Game/Assets/Plank01.Plank01
[2018.10.14-18.27.25:093][367]LogStaticMesh: Building static mesh PortraitPicture...
[2018.10.14-18.27.25:099][367]LogStaticMesh: Built static mesh [0.01s] /Game/Assets/PortraitPicture.PortraitPicture
[2018.10.14-18.27.25:102][367]LogStaticMesh: Building static mesh RimThick_01...
[2018.10.14-18.27.25:112][367]LogStaticMesh: Built static mesh [0.01s] /Game/Assets/RimThick_01.RimThick_01
[2018.10.14-18.27.25:115][367]LogStaticMesh: Building static mesh Wall_01...
[2018.10.14-18.27.25:123][367]LogStaticMesh: Built static mesh [0.01s] /Game/Assets/Wall_01.Wall_01
[2018.10.14-18.27.25:159][367]LogStaticMesh: Building static mesh Wall_Hole_01...
[2018.10.14-18.27.25:168][367]LogStaticMesh: Built static mesh [0.01s] /Game/Assets/Wall_Hole_01.Wall_Hole_01
[2018.10.14-18.27.25:176][367]LogStaticMesh: Building static mesh WoodBeam01...
[2018.10.14-18.27.25:189][367]LogStaticMesh: Built static mesh [0.01s] /Game/Assets/WoodBeam01.WoodBeam01
[2018.10.14-18.27.28:057][367]LogTexture: Display: Building textures: Plank01_Material_BaseColor (AutoDXT, 2048X2048)
[2018.10.14-18.27.28:058][367]LogTexture: Display: Building textures: Wall_01_DefaultMaterial_Normal (BC5, 2048X2048)
[2018.10.14-18.27.28:058][367]LogTexture: Display: Building textures: Wall_01_DefaultMaterial_BaseColor (AutoDXT, 2048X2048)
[2018.10.14-18.27.28:058][367]LogTexture: Display: Building textures: RimThick_01_DefaultMaterial_OcclusionRoughnessMetallic (AutoDXT, 2048X2048)
[2018.10.14-18.27.28:058][367]LogTexture: Display: Building textures: RimThick_01_DefaultMaterial_Normal (BC5, 2048X2048)
[2018.10.14-18.27.28:058][367]LogTexture: Display: Building textures: Wall_Hole_01_DefaultMaterial_OcclusionRoughnessMetallic (AutoDXT, 2048X2048)
[2018.10.14-18.27.28:058][367]LogTexture: Display: Building textures: Wall_Hole_01_DefaultMaterial_Normal (BC5, 2048X2048)
[2018.10.14-18.27.28:058][367]LogTexture: Display: Building textures: Wall_Hole_01_DefaultMaterial_BaseColor (AutoDXT, 2048X2048)
[2018.10.14-18.27.28:058][367]LogMaterial: Display: Missing cached shader map for material M_Plank01, compiling. 
[2018.10.14-18.27.28:860][367]LogTexture: Display: Building textures: Wall_01_DefaultMaterial_OcclusionRoughnessMetallic (AutoDXT, 2048X2048)
[2018.10.14-18.27.28:860][367]LogTexture: Display: Building textures: WoodBeam01_Material_OcclusionRoughnessMetallic (AutoDXT, 2048X2048)
[2018.10.14-18.27.28:860][367]LogTexture: Display: Building textures: WoodBeam01_Material_Normal (BC5, 2048X2048)
[2018.10.14-18.27.28:863][367]LogMaterial: Display: Missing cached shader map for material M_Endtable01, compiling. 
[2018.10.14-18.27.29:137][367]LogTexture: Display: Building textures: WoodBeam01_Material_BaseColor (AutoDXT, 2048X2048)
[2018.10.14-18.27.29:138][367]LogTexture: Display: Building textures: PortraitPicture_Material_Normal (BC5, 2048X2048)
[2018.10.14-18.27.30:049][367]LogTexture: Display: Building textures: Celing_2m_01_DefaultMaterial_Normal (BC5, 2048X2048)
[2018.10.14-18.27.30:049][367]LogTexture: Display: Building textures: Celing_2m_01_DefaultMaterial_BaseColor (AutoDXT, 2048X2048)
[2018.10.14-18.27.30:050][367]LogTexture: Display: Building textures: Celing_2m_01_DefaultMaterial_OcclusionRoughnessMetallic (AutoDXT, 2048X2048)
[2018.10.14-18.27.30:050][367]LogTexture: Display: Building textures: Celing_2m_01_DefaultMaterial_Normal (BC5, 2048X2048)
[2018.10.14-18.27.30:306][367]LogTexture: Display: Building textures: Crate01_Material_OcclusionRoughnessMetallic (AutoDXT, 2048X2048)
[2018.10.14-18.27.30:306][367]LogTexture: Display: Building textures: PortraitPicture_Material_OcclusionRoughnessMetallic (AutoDXT, 2048X2048)
[2018.10.14-18.27.31:929][367]LogTexture: Display: Building textures: Crate01_Material_BaseColor (AutoDXT, 2048X2048)
[2018.10.14-18.27.31:929][367]LogTexture: Display: Building textures: Crate01_Material_Normal (BC5, 2048X2048)
[2018.10.14-18.27.31:929][367]LogTexture: Display: Building textures: Doorway_01_DefaultMaterial_OcclusionRoughnessMetallic (AutoDXT, 2048X2048)
[2018.10.14-18.27.31:929][367]LogTexture: Display: Building textures: Doorway_01_DefaultMaterial_Normal (BC5, 2048X2048)
[2018.10.14-18.27.31:929][367]LogTexture: Display: Building textures: Doorway_01_DefaultMaterial_BaseColor (AutoDXT, 2048X2048)
[2018.10.14-18.27.31:929][367]LogTexture: Display: Building textures: RimThick_01_DefaultMaterial_BaseColor (AutoDXT, 2048X2048)
[2018.10.14-18.27.31:935][367]LogMaterial: Display: Missing cached shader map for material M_portrait, compiling. 
[2018.10.14-18.27.31:950][367]LogMaterial: Display: Missing cached shader map for material M_Wall_01, compiling. 
[2018.10.14-18.27.31:967][367]LogMaterial: Display: Missing cached shader map for material M_Wall_hole_01, compiling. 
[2018.10.14-18.27.31:984][367]LogMaterial: Display: Missing cached shader map for material M_WoodBeam, compiling. 
[2018.10.14-18.27.32:093][367]LogTexture: Display: Building textures: Couch01_DefaultMaterial_OcclusionRoughnessMetallic (AutoDXT, 2048X2048)
[2018.10.14-18.27.32:093][367]LogTexture: Display: Building textures: Celing_2m_01_DefaultMaterial_OcclusionRoughnessMetallic (AutoDXT, 2048X2048)
[2018.10.14-18.27.32:500][367]LogMaterial: Display: Missing cached shader map for material M_ceiling_cracks, compiling. 
[2018.10.14-18.27.33:138][367]LogTexture: Display: Building textures: Couch01_DefaultMaterial_Normal (BC5, 2048X2048)
[2018.10.14-18.27.33:829][367]LogTexture: Display: Building textures: Couch01_DefaultMaterial_BaseColor (AutoDXT, 2048X2048)
[2018.10.14-18.27.33:829][367]LogTexture: Display: Building textures: Celing_2m_01_DefaultMaterial_BaseColor (AutoDXT, 2048X2048)
[2018.10.14-18.27.33:862][367]LogMaterial: Display: Missing cached shader map for material M_Crate, compiling. 
[2018.10.14-18.27.33:956][367]LogMaterial: Display: Missing cached shader map for material M_Doorway, compiling. 
[2018.10.14-18.27.34:491][367]LogMaterial: Display: Missing cached shader map for material M_RimThick_01, compiling. 
[2018.10.14-18.27.35:129][367]LogMaterial: Display: Missing cached shader map for material M_Couch_01, compiling. 
[2018.10.14-18.27.35:195][367]LogMaterial: Display: Missing cached shader map for material M_Celing_clean, compiling. 
[2018.10.14-18.27.35:220][367]LogAIModule: Creating AISystem for world Main_Map
[2018.10.14-18.27.35:315][367]LogAssetEditorManager: Opening Asset editor for World /Game/FirstPersonBP/Maps/Main_Map.Main_Map
[2018.10.14-18.27.35:510][367]Cmd: MAP LOAD FILE="F:/GitHub/Urbex_Horror/Content/FirstPersonBP/Maps/Main_Map.umap" TEMPLATE=0 SHOWPROGRESS=1 FEATURELEVEL=3
[2018.10.14-18.27.35:510][367]LightingResults: New page: Lighting Build
[2018.10.14-18.27.35:511][367]LoadErrors: New page: Loading map: Main_Map.umap
[2018.10.14-18.27.35:540][367]MapCheck: New page: Map Check
[2018.10.14-18.27.35:540][367]LightingResults: New page: Lighting Build
[2018.10.14-18.27.36:233][367]LogEditorServer: Finished looking for orphan Actors (0.000 secs)
[2018.10.14-18.27.36:300][367]Cmd: MAP CHECKDEP NOCLEARLOG
[2018.10.14-18.27.36:458][367]MapCheck: Map check complete: 0 Error(s), 0 Warning(s), took 157,958ms to complete.
[2018.10.14-18.27.36:458][367]LogFileHelpers: Loading map 'Main_Map' took 0.949
[2018.10.14-18.27.37:716][447]LogShaderCompilers: Display: Shaders left to compile 284
[2018.10.14-18.27.37:842][456]LogShaderCompilers: Display: Shaders left to compile 274
[2018.10.14-18.27.39:495][631]LogShaderCompilers: Display: Shaders left to compile 264
[2018.10.14-18.27.39:619][645]LogShaderCompilers: Display: Shaders left to compile 254
[2018.10.14-18.27.42:027][836]LogShaderCompilers: Display: Shaders left to compile 244
[2018.10.14-18.27.42:299][855]LogShaderCompilers: Display: Shaders left to compile 234
[2018.10.14-18.27.42:549][869]LogShaderCompilers: Display: Shaders left to compile 224
[2018.10.14-18.27.43:613][941]LogShaderCompilers: Display: Shaders left to compile 214
[2018.10.14-18.27.43:918][963]LogShaderCompilers: Display: Shaders left to compile 204
[2018.10.14-18.27.44:805][ 24]LogShaderCompilers: Display: Shaders left to compile 194
[2018.10.14-18.27.45:685][116]LogShaderCompilers: Display: Shaders left to compile 184
[2018.10.14-18.27.46:668][222]LogShaderCompilers: Display: Shaders left to compile 174
[2018.10.14-18.27.46:702][226]LogShaderCompilers: Display: Shaders left to compile 164
[2018.10.14-18.27.47:661][331]LogShaderCompilers: Display: Shaders left to compile 154
[2018.10.14-18.27.48:903][465]LogShaderCompilers: Display: Shaders left to compile 144
[2018.10.14-18.27.49:139][492]LogShaderCompilers: Display: Shaders left to compile 134
[2018.10.14-18.27.49:910][578]LogShaderCompilers: Display: Shaders left to compile 124
[2018.10.14-18.27.50:078][598]LogShaderCompilers: Display: Shaders left to compile 114
[2018.10.14-18.27.51:095][713]LogShaderCompilers: Display: Shaders left to compile 104
[2018.10.14-18.27.52:354][854]LogShaderCompilers: Display: Shaders left to compile 94
[2018.10.14-18.27.52:372][856]LogShaderCompilers: Display: Shaders left to compile 84
[2018.10.14-18.27.53:152][946]LogShaderCompilers: Display: Shaders left to compile 74
[2018.10.14-18.27.54:105][ 52]LogShaderCompilers: Display: Shaders left to compile 64
[2018.10.14-18.27.55:114][164]LogShaderCompilers: Display: Shaders left to compile 54
[2018.10.14-18.27.55:227][175]LogShaderCompilers: Display: Shaders left to compile 44
[2018.10.14-18.27.56:174][282]LogShaderCompilers: Display: Shaders left to compile 34
[2018.10.14-18.27.56:515][317]LogShaderCompilers: Display: Shaders left to compile 24
[2018.10.14-18.27.57:422][419]LogShaderCompilers: Display: Shaders left to compile 14
[2018.10.14-18.27.58:635][503]LogShaderCompilers: Display: Shaders left to compile 4
[2018.10.14-18.28.03:573][662]LogTemp: Repeating last play command: Selected Viewport
[2018.10.14-18.28.03:894][662]LogPlayLevel: PlayLevel: No blueprints needed recompiling
[2018.10.14-18.28.03:926][662]PIE: New page: PIE session: Main_Map (14. okt. 2018, 22.28.03)
[2018.10.14-18.28.03:926][662]LogPlayLevel: Creating play world package: /Game/FirstPersonBP/Maps/UEDPIE_0_Main_Map
[2018.10.14-18.28.03:978][662]LogPlayLevel: PIE: StaticDuplicateObject took: (0.052013s)
[2018.10.14-18.28.03:978][662]LogAIModule: Creating AISystem for world Main_Map
[2018.10.14-18.28.03:979][662]LogPlayLevel: PIE: World Init took: (0.000602s)
[2018.10.14-18.28.03:979][662]LogPlayLevel: PIE: Created PIE world by copying editor world from /Game/FirstPersonBP/Maps/Main_Map.Main_Map to /Game/FirstPersonBP/Maps/UEDPIE_0_Main_Map.Main_Map (0.052808s)
[2018.10.14-18.28.04:014][662]LogInit: XAudio2 using 'Headphones (High Definition Audio Device)' : 2 channels at 44.1 kHz using 16 bits per sample (channel mask 0x3)
[2018.10.14-18.28.04:026][662]LogInit: FAudioDevice initialized.
[2018.10.14-18.28.04:083][662]LogLoad: Game class is 'FirstPersonGameMode_C'
[2018.10.14-18.28.04:104][662]LogWorld: Bringing World /Game/FirstPersonBP/Maps/UEDPIE_0_Main_Map.Main_Map up for play (max tick rate 0) at 2018.10.14-20.28.04
[2018.10.14-18.28.04:104][662]LogWorld: Bringing up level for play took: 0.005323
[2018.10.14-18.28.04:169][662]LogContentBrowser: Native class hierarchy updated for 'MovieSceneCapture' in 0.0003 seconds. Added 10 classes and 0 folders.
[2018.10.14-18.28.04:170][662]PIE: Play in editor start time for /Game/FirstPersonBP/Maps/UEDPIE_0_Main_Map −0,124
[2018.10.14-18.28.58:454][ 31]LogSlate: Updating window title bar state: overlay mode, drag disabled, window buttons hidden, title bar hidden
[2018.10.14-18.28.58:489][ 31]LogPlayLevel: Display: Shutting down PIE online subsystems
[2018.10.14-18.28.58:512][ 31]LogSlate: Updating window title bar state: overlay mode, drag disabled, window buttons hidden, title bar hidden
[2018.10.14-18.28.58:537][ 32]LogPlayLevel: Display: Destroying online subsystem :Context_4
[2018.10.14-18.28.59:145][105]LogSlate: FSceneViewport::OnFocusLost() reason 0
[2018.10.14-18.29.00:507][260]LogRenderer: Reallocating scene render targets to support 1228x696 Format 10 NumSamples 1 (Frame:1).
[2018.10.14-18.29.03:634][632]LogSlate: FSceneViewport::OnFocusLost() reason 0
[2018.10.14-18.29.07:897][132]LogSlate: FSceneViewport::OnFocusLost() reason 0
[2018.10.14-18.29.07:988][143]BlueprintLog: New page: Compile FirstPersonCharacter
[2018.10.14-18.29.09:595][314]LogTemp: Repeating last play command: Selected Viewport
[2018.10.14-18.29.09:606][314]LogPlayLevel: PlayLevel: No blueprints needed recompiling
[2018.10.14-18.29.09:606][314]PIE: New page: PIE session: Main_Map (14. okt. 2018, 22.29.09)
[2018.10.14-18.29.09:606][314]LogPlayLevel: Creating play world package: /Game/FirstPersonBP/Maps/UEDPIE_0_Main_Map
[2018.10.14-18.29.09:659][314]LogPlayLevel: PIE: StaticDuplicateObject took: (0.052549s)
[2018.10.14-18.29.09:659][314]LogAIModule: Creating AISystem for world Main_Map
[2018.10.14-18.29.09:659][314]LogPlayLevel: PIE: World Init took: (0.000585s)
[2018.10.14-18.29.09:659][314]LogPlayLevel: PIE: Created PIE world by copying editor world from /Game/FirstPersonBP/Maps/Main_Map.Main_Map to /Game/FirstPersonBP/Maps/UEDPIE_0_Main_Map.Main_Map (0.053287s)
[2018.10.14-18.29.09:697][314]LogInit: XAudio2 using 'Headphones (High Definition Audio Device)' : 2 channels at 44.1 kHz using 16 bits per sample (channel mask 0x3)
[2018.10.14-18.29.09:708][314]LogInit: FAudioDevice initialized.
[2018.10.14-18.29.09:742][314]LogLoad: Game class is 'FirstPersonGameMode_C'
[2018.10.14-18.29.09:748][314]LogWorld: Bringing World /Game/FirstPersonBP/Maps/UEDPIE_0_Main_Map.Main_Map up for play (max tick rate 0) at 2018.10.14-20.29.09
[2018.10.14-18.29.09:748][314]LogWorld: Bringing up level for play took: 0.005514
[2018.10.14-18.29.09:761][314]PIE: Play in editor start time for /Game/FirstPersonBP/Maps/UEDPIE_0_Main_Map −0,533
[2018.10.14-18.29.18:218][323]LogSlate: Updating window title bar state: overlay mode, drag disabled, window buttons hidden, title bar hidden
[2018.10.14-18.29.18:255][323]LogPlayLevel: Display: Shutting down PIE online subsystems
[2018.10.14-18.29.18:279][323]LogSlate: Updating window title bar state: overlay mode, drag disabled, window buttons hidden, title bar hidden
[2018.10.14-18.29.18:318][326]LogPlayLevel: Display: Destroying online subsystem :Context_5
[2018.10.14-18.29.19:281][439]LogSlate: FSceneViewport::OnFocusLost() reason 2
[2018.10.14-18.29.21:108][652]SourceControl: fatal: G:/EpicGames/UE_4.20/Engine/Content: 'G:/EpicGames/UE_4.20/Engine/Content' is outside repository
[2018.10.14-18.29.21:291][652]EditorErrors: Warning: No assets to check in!
[2018.10.14-18.29.23:582][911]LogSlate: FSceneViewport::OnFocusLost() reason 2
[2018.10.14-18.29.23:690][911]LogSlate: FSceneViewport::OnFocusLost() reason 2
[2018.10.14-18.29.23:698][911]Cmd: OBJ SAVEPACKAGE PACKAGE="/Game/FirstPersonBP/Blueprints/FirstPersonCharacter" FILE="F:/GitHub/Urbex_Horror/Content/FirstPersonBP/Blueprints/FirstPersonCharacter.uasset" SILENT=true
[2018.10.14-18.29.23:736][911]LogSavePackage: Moving 'F:/GitHub/Urbex_Horror/Saved/FirstPersonCharacter9853B1274BF069848A8AB5AB17714FA1.tmp' to 'F:/GitHub/Urbex_Horror/Content/FirstPersonBP/Blueprints/FirstPersonCharacter.uasset'
[2018.10.14-18.29.25:467][116]LogSlate: FSceneViewport::OnFocusLost() reason 2
[2018.10.14-18.29.26:624][239]SourceControl: fatal: G:/EpicGames/UE_4.20/Engine/Content: 'G:/EpicGames/UE_4.20/Engine/Content' is outside repository
[2018.10.14-18.29.26:818][239]LogSlate: FSceneViewport::OnFocusLost() reason 2
[2018.10.14-18.29.37:387][239]LogSlate: Window 'Submit Files' being destroyed
[2018.10.14-18.29.37:407][239]LogSlate: FSceneViewport::OnFocusLost() reason 2
[2018.10.14-18.29.37:519][239]LogSlate: FSceneViewport::OnFocusLost() reason 2
[2018.10.14-18.29.37:698][239]LogSourceControl: commit successful: [master cea6332] FlashLightFix
[2018.10.14-18.29.37:787][239]SourceControl: [master cea6332] FlashLightFix
[2018.10.14-18.29.37:787][239]SourceControl:  1 file changed, 0 insertions(+), 0 deletions(-)
[2018.10.14-18.29.37:802][239]SourceControl: Commited [master cea6332] FlashLightFix.
[2018.10.14-18.29.39:838][483]LogSlate: FSceneViewport::OnFocusLost() reason 0
